<?xml version="1.0" encoding="UTF-8"?>
<!-- Generated by org.testng.reporters.JUnitXMLReporter -->
<testsuite ignored="0" hostname="DESKTOP-1OTRTVE" failures="0" tests="1" name="Default test(failed)" time="0.081" errors="0" timestamp="2025-08-06T15:01:27 IST">
  <testcase classname="setup.BrowserPage" name="@BeforeClass SetUp" time="-1.754472687774E9">
    <failure type="org.testng.TestNGException" message="
Parameter &amp;apos;browser&amp;apos; is required by BeforeClass on method SetUp but has not been marked @Optional or defined
in C:\Users\HP\eclipse-workspace\ActiveJobsQATesting\test-output\testng-failed.xml">
      <![CDATA[org.testng.TestNGException: 
Parameter 'browser' is required by BeforeClass on method SetUp but has not been marked @Optional or defined
in C:\Users\HP\eclipse-workspace\ActiveJobsQATesting\test-output\testng-failed.xml
at java.base/java.util.ArrayList.forEach(ArrayList.java:1596)
... Removed 22 stack frames]]>
    </failure>
  </testcase> <!-- @BeforeClass SetUp -->
  <testcase classname="setup.BrowserPage" name="@AfterClass TearDown" time="-1.754472687826E9">
    <skipped/>
  </testcase> <!-- @AfterClass TearDown -->
  <testcase classname="testcases.BSRegistrationTest" name="BSRRegi_TC_1" time="0.0">
    <skipped/>
  </testcase> <!-- BSRRegi_TC_1 -->
</testsuite> <!-- Default test(failed) -->
